<?xml version="1.0" encoding="UTF-8"?>
<coverage generated="1575416921386" clover="3.2.0">
  <project timestamp="1575416921386" name="All files">
    <metrics statements="24" coveredstatements="15" conditionals="2" coveredconditionals="1" methods="10" coveredmethods="4" elements="36" coveredelements="20" complexity="0" loc="24" ncloc="24" packages="1" files="4" classes="4"/>
    <file name="App.jsx" path="/Users/arashabbasi/hackreactor/fec/airbnb-reviews/client/src/components/App.jsx">
      <metrics statements="16" coveredstatements="11" conditionals="2" coveredconditionals="1" methods="6" coveredmethods="4"/>
      <line num="10" count="1" type="stmt"/>
      <line num="12" count="1" type="stmt"/>
      <line num="16" count="1" type="stmt"/>
      <line num="20" count="1" type="stmt"/>
      <line num="24" count="1" type="stmt"/>
      <line num="25" count="1" type="stmt"/>
      <line num="26" count="1" type="cond" truecount="1" falsecount="1"/>
      <line num="27" count="1" type="stmt"/>
      <line num="29" count="0" type="stmt"/>
      <line num="30" count="0" type="stmt"/>
      <line num="31" count="0" type="stmt"/>
      <line num="33" count="1" type="stmt"/>
      <line num="35" count="0" type="stmt"/>
      <line num="38" count="0" type="stmt"/>
      <line num="43" count="1" type="stmt"/>
      <line num="44" count="1" type="stmt"/>
    </file>
    <file name="Reviews.jsx" path="/Users/arashabbasi/hackreactor/fec/airbnb-reviews/client/src/components/Reviews.jsx">
      <metrics statements="3" coveredstatements="1" conditionals="0" coveredconditionals="0" methods="2" coveredmethods="0"/>
      <line num="6" count="1" type="stmt"/>
      <line num="7" count="0" type="stmt"/>
      <line num="9" count="0" type="stmt"/>
    </file>
    <file name="ReviewsEntry.jsx" path="/Users/arashabbasi/hackreactor/fec/airbnb-reviews/client/src/components/ReviewsEntry.jsx">
      <metrics statements="3" coveredstatements="2" conditionals="0" coveredconditionals="0" methods="1" coveredmethods="0"/>
      <line num="4" count="1" type="stmt"/>
      <line num="6" count="1" type="stmt"/>
      <line num="18" count="0" type="stmt"/>
    </file>
    <file name="Stats.jsx" path="/Users/arashabbasi/hackreactor/fec/airbnb-reviews/client/src/components/Stats.jsx">
      <metrics statements="2" coveredstatements="1" conditionals="0" coveredconditionals="0" methods="1" coveredmethods="0"/>
      <line num="5" count="1" type="stmt"/>
      <line num="11" count="0" type="stmt"/>
    </file>
  </project>
</coverage>
