{"/Users/arashabbasi/hackreactor/fec/airbnb-reviews/client/src/components/App.jsx": {"path":"/Users/arashabbasi/hackreactor/fec/airbnb-reviews/client/src/components/App.jsx","statementMap":{"0":{"start":{"line":9,"column":4},"end":{"line":9,"column":17}},"1":{"start":{"line":11,"column":4},"end":{"line":14,"column":6}},"2":{"start":{"line":15,"column":4},"end":{"line":15,"column":49}},"3":{"start":{"line":19,"column":4},"end":{"line":19,"column":22}},"4":{"start":{"line":23,"column":21},"end":{"line":23,"column":45}},"5":{"start":{"line":24,"column":14},"end":{"line":24,"column":16}},"6":{"start":{"line":25,"column":4},"end":{"line":31,"column":5}},"7":{"start":{"line":26,"column":6},"end":{"line":26,"column":29}},"8":{"start":{"line":28,"column":18},"end":{"line":28,"column":37}},"9":{"start":{"line":29,"column":17},"end":{"line":29,"column":36}},"10":{"start":{"line":30,"column":6},"end":{"line":30,"column":33}},"11":{"start":{"line":32,"column":4},"end":{"line":38,"column":9}},"12":{"start":{"line":34,"column":8},"end":{"line":34,"column":89}},"13":{"start":{"line":37,"column":8},"end":{"line":37,"column":20}},"14":{"start":{"line":42,"column":33},"end":{"line":42,"column":43}},"15":{"start":{"line":43,"column":4},"end":{"line":49,"column":6}}},"fnMap":{"0":{"name":"(anonymous_0)","decl":{"start":{"line":8,"column":2},"end":{"line":8,"column":3}},"loc":{"start":{"line":8,"column":21},"end":{"line":16,"column":3}},"line":8},"1":{"name":"(anonymous_1)","decl":{"start":{"line":18,"column":2},"end":{"line":18,"column":3}},"loc":{"start":{"line":18,"column":22},"end":{"line":20,"column":3}},"line":18},"2":{"name":"(anonymous_2)","decl":{"start":{"line":22,"column":2},"end":{"line":22,"column":3}},"loc":{"start":{"line":22,"column":15},"end":{"line":39,"column":3}},"line":22},"3":{"name":"(anonymous_3)","decl":{"start":{"line":33,"column":12},"end":{"line":33,"column":13}},"loc":{"start":{"line":33,"column":25},"end":{"line":35,"column":7}},"line":33},"4":{"name":"(anonymous_4)","decl":{"start":{"line":36,"column":13},"end":{"line":36,"column":14}},"loc":{"start":{"line":36,"column":22},"end":{"line":38,"column":7}},"line":36},"5":{"name":"(anonymous_5)","decl":{"start":{"line":41,"column":2},"end":{"line":41,"column":3}},"loc":{"start":{"line":41,"column":11},"end":{"line":50,"column":3}},"line":41}},"branchMap":{"0":{"loc":{"start":{"line":25,"column":4},"end":{"line":31,"column":5}},"type":"if","locations":[{"start":{"line":25,"column":4},"end":{"line":31,"column":5}},{"start":{"line":25,"column":4},"end":{"line":31,"column":5}}],"line":25}},"s":{"0":1,"1":1,"2":1,"3":1,"4":1,"5":1,"6":1,"7":1,"8":0,"9":0,"10":0,"11":1,"12":0,"13":0,"14":1,"15":1},"f":{"0":1,"1":1,"2":1,"3":0,"4":0,"5":1},"b":{"0":[1,0]},"_coverageSchema":"43e27e138ebf9cfc5966b082cf9a028302ed4184","hash":"8b610a4f9a6e4dd264ff19f137bd0a7581cc3b60"}
,"/Users/arashabbasi/hackreactor/fec/airbnb-reviews/client/src/components/Reviews.jsx": {"path":"/Users/arashabbasi/hackreactor/fec/airbnb-reviews/client/src/components/Reviews.jsx","statementMap":{"0":{"start":{"line":6,"column":16},"end":{"line":12,"column":1}},"1":{"start":{"line":7,"column":2},"end":{"line":11,"column":7}},"2":{"start":{"line":9,"column":6},"end":{"line":9,"column":56}}},"fnMap":{"0":{"name":"(anonymous_0)","decl":{"start":{"line":6,"column":16},"end":{"line":6,"column":17}},"loc":{"start":{"line":7,"column":2},"end":{"line":11,"column":7}},"line":7},"1":{"name":"(anonymous_1)","decl":{"start":{"line":8,"column":17},"end":{"line":8,"column":18}},"loc":{"start":{"line":8,"column":34},"end":{"line":10,"column":5}},"line":8}},"branchMap":{},"s":{"0":1,"1":0,"2":0},"f":{"0":0,"1":0},"b":{},"_coverageSchema":"43e27e138ebf9cfc5966b082cf9a028302ed4184","hash":"595f9324d631f5770ce0342d9b6b00f30318a78e"}
,"/Users/arashabbasi/hackreactor/fec/airbnb-reviews/client/src/components/ReviewsEntry.jsx": {"path":"/Users/arashabbasi/hackreactor/fec/airbnb-reviews/client/src/components/ReviewsEntry.jsx","statementMap":{"0":{"start":{"line":5,"column":15},"end":{"line":5,"column":32}},"1":{"start":{"line":7,"column":21},"end":{"line":46,"column":1}},"2":{"start":{"line":19,"column":2},"end":{"line":45,"column":7}}},"fnMap":{"0":{"name":"(anonymous_0)","decl":{"start":{"line":7,"column":21},"end":{"line":7,"column":22}},"loc":{"start":{"line":19,"column":2},"end":{"line":45,"column":7}},"line":19}},"branchMap":{},"s":{"0":1,"1":1,"2":0},"f":{"0":0},"b":{},"_coverageSchema":"43e27e138ebf9cfc5966b082cf9a028302ed4184","hash":"6d740e50e1f0551b509cf5d0928ae37cc0e198c3"}
,"/Users/arashabbasi/hackreactor/fec/airbnb-reviews/client/src/components/Stats.jsx": {"path":"/Users/arashabbasi/hackreactor/fec/airbnb-reviews/client/src/components/Stats.jsx","statementMap":{"0":{"start":{"line":5,"column":14},"end":{"line":24,"column":1}},"1":{"start":{"line":11,"column":2},"end":{"line":23,"column":7}}},"fnMap":{"0":{"name":"(anonymous_0)","decl":{"start":{"line":5,"column":14},"end":{"line":5,"column":15}},"loc":{"start":{"line":11,"column":2},"end":{"line":23,"column":7}},"line":11}},"branchMap":{},"s":{"0":1,"1":0},"f":{"0":0},"b":{},"_coverageSchema":"43e27e138ebf9cfc5966b082cf9a028302ed4184","hash":"d5a63f945a4b179ca18e23141d7dc725006d599c"}
}
