TN:
SF:/Users/arashabbasi/hackreactor/fec/airbnb-reviews/client/src/components/App.jsx
FN:10,(anonymous_0)
FN:20,(anonymous_1)
FN:24,(anonymous_2)
FN:35,(anonymous_3)
FN:38,(anonymous_4)
FN:43,(anonymous_5)
FNF:6
FNH:4
FNDA:4,(anonymous_0)
FNDA:3,(anonymous_1)
FNDA:3,(anonymous_2)
FNDA:0,(anonymous_3)
FNDA:0,(anonymous_4)
FNDA:4,(anonymous_5)
DA:11,4
DA:13,4
DA:17,4
DA:21,3
DA:25,3
DA:26,3
DA:27,3
DA:28,3
DA:30,0
DA:31,0
DA:32,0
DA:34,3
DA:36,0
DA:39,0
DA:44,4
DA:45,4
LF:16
LH:11
BRDA:27,0,0,3
BRDA:27,0,1,0
BRF:2
BRH:1
end_of_record
TN:
SF:/Users/arashabbasi/hackreactor/fec/airbnb-reviews/client/src/components/Reviews.jsx
FN:6,(anonymous_0)
FN:8,(anonymous_1)
FNF:2
FNH:1
FNDA:3,(anonymous_0)
FNDA:0,(anonymous_1)
DA:6,2
DA:7,3
DA:9,0
LF:3
LH:2
BRF:0
BRH:0
end_of_record
TN:
SF:/Users/arashabbasi/hackreactor/fec/airbnb-reviews/client/src/components/ReviewsEntry.jsx
FN:7,(anonymous_0)
FNF:1
FNH:0
FNDA:0,(anonymous_0)
DA:5,2
DA:7,2
DA:19,0
LF:3
LH:2
BRF:0
BRH:0
end_of_record
TN:
SF:/Users/arashabbasi/hackreactor/fec/airbnb-reviews/client/src/components/Search.jsx
FN:3,(anonymous_0)
FNF:1
FNH:1
FNDA:1,(anonymous_0)
DA:3,1
DA:4,1
LF:2
LH:2
BRF:0
BRH:0
end_of_record
TN:
SF:/Users/arashabbasi/hackreactor/fec/airbnb-reviews/client/src/components/Stats.jsx
FN:5,(anonymous_0)
FNF:1
FNH:1
FNDA:1,(anonymous_0)
DA:5,1
DA:11,1
LF:2
LH:2
BRF:0
BRH:0
end_of_record
